<?xml version="1.0" encoding="UTF-8"?>
<testsuite xmlns:xsi="http://www.w3.org/2001/XMLSchema-instance" xsi:noNamespaceSchemaLocation="https://maven.apache.org/surefire/maven-surefire-plugin/xsd/surefire-test-report-3.0.xsd" version="3.0" name="com.lamastudio.backend.integration.AuthIntegrationTest" time="8.73" tests="3" errors="0" skipped="0" failures="0">
  <properties>
[...]
</properties>
  <testcase name="loginFlow" classname="com.lamastudio.backend.integration.AuthIntegrationTest" time="1.659">
    <system-out><![CDATA[2026-03-12T03:02:29.844+01:00  INFO 360283 --- [lamastudio-backend] [           main] t.c.s.AnnotationConfigContextLoaderUtils : Could not detect default configuration classes for test class [com.lamastudio.backend.integration.AuthIntegrationTest]: AuthIntegrationTest does not declare any static, non-private, non-final, nested classes annotated with @Configuration.
2026-03-12T03:02:29.856+01:00  INFO 360283 --- [lamastudio-backend] [           main] .b.t.c.SpringBootTestContextBootstrapper : Found @SpringBootConfiguration com.lamastudio.backend.LamaStudioApplication for test class com.lamastudio.backend.integration.AuthIntegrationTest
2026-03-12T03:02:29.861+01:00  INFO 360283 --- [lamastudio-backend] [           main] tc.postgres:15-alpine                    : Creating container for image: postgres:15-alpine
2026-03-12T03:02:29.887+01:00  INFO 360283 --- [lamastudio-backend] [           main] tc.postgres:15-alpine                    : Container postgres:15-alpine is starting: 264a13e7516561d00f136de8fedb36de6f0f443867b645fe0d269bf069ffbdd3
2026-03-12T03:02:31.377+01:00  INFO 360283 --- [lamastudio-backend] [           main] tc.postgres:15-alpine                    : Container postgres:15-alpine started in PT1.515464342S
2026-03-12T03:02:31.377+01:00  INFO 360283 --- [lamastudio-backend] [           main] tc.postgres:15-alpine                    : Container is started (JDBC URL: jdbc:postgresql://localhost:32785/lamastudio_test?loggerLevel=OFF)
2026-03-12T03:02:31.381+01:00  INFO 360283 --- [lamastudio-backend] [           main] o.s.b.d.r.RestartApplicationListener     : Restart disabled due to context in which it is running

  .   ____          _            __ _ _
 /\\ / ___'_ __ _ _(_)_ __  __ _ \ \ \ \
( ( )\___ | '_ | '_| | '_ \/ _` | \ \ \ \
 \\/  ___)| |_)| | | | | || (_| |  ) ) ) )
  '  |____| .__|_| |_|_| |_\__, | / / / /
 =========|_|==============|___/=/_/_/_/

 :: Spring Boot ::                (v3.3.5)

2026-03-12T03:02:31.482+01:00  INFO 360283 --- [lamastudio-backend] [           main] c.l.b.integration.AuthIntegrationTest    : Starting AuthIntegrationTest using Java 21.0.10 with PID 360283 (started by ultimate in /home/ultimate/Desktop/Accessivo.io/lamastudio)
2026-03-12T03:02:31.482+01:00 DEBUG 360283 --- [lamastudio-backend] [           main] c.l.b.integration.AuthIntegrationTest    : Running with Spring Boot v3.3.5, Spring v6.1.14
2026-03-12T03:02:31.482+01:00  INFO 360283 --- [lamastudio-backend] [           main] c.l.b.integration.AuthIntegrationTest    : The following 1 profile is active: "test"
2026-03-12T03:02:32.062+01:00  INFO 360283 --- [lamastudio-backend] [           main] .s.d.r.c.RepositoryConfigurationDelegate : Bootstrapping Spring Data JPA repositories in DEFAULT mode.
2026-03-12T03:02:32.076+01:00  INFO 360283 --- [lamastudio-backend] [           main] .s.d.r.c.RepositoryConfigurationDelegate : Finished Spring Data repository scanning in 12 ms. Found 2 JPA repository interfaces.
2026-03-12T03:02:33.189+01:00  INFO 360283 --- [lamastudio-backend] [           main] o.s.b.w.embedded.tomcat.TomcatWebServer  : Tomcat initialized with port 0 (http)
2026-03-12T03:02:33.213+01:00  INFO 360283 --- [lamastudio-backend] [           main] o.apache.catalina.core.StandardService   : Starting service [Tomcat]
2026-03-12T03:02:33.213+01:00  INFO 360283 --- [lamastudio-backend] [           main] o.apache.catalina.core.StandardEngine    : Starting Servlet engine: [Apache Tomcat/10.1.31]
2026-03-12T03:02:33.279+01:00  INFO 360283 --- [lamastudio-backend] [           main] o.a.c.c.C.[.[localhost].[/api/v1]        : Initializing Spring embedded WebApplicationContext
2026-03-12T03:02:33.280+01:00  INFO 360283 --- [lamastudio-backend] [           main] w.s.c.ServletWebServerApplicationContext : Root WebApplicationContext: initialization completed in 1797 ms
2026-03-12T03:02:33.394+01:00  INFO 360283 --- [lamastudio-backend] [           main] com.zaxxer.hikari.HikariDataSource       : HikariPool-3 - Starting...
2026-03-12T03:02:33.445+01:00  INFO 360283 --- [lamastudio-backend] [           main] com.zaxxer.hikari.pool.HikariPool        : HikariPool-3 - Added connection org.postgresql.jdbc.PgConnection@773e4573
2026-03-12T03:02:33.445+01:00  INFO 360283 --- [lamastudio-backend] [           main] com.zaxxer.hikari.HikariDataSource       : HikariPool-3 - Start completed.
2026-03-12T03:02:33.447+01:00  INFO 360283 --- [lamastudio-backend] [           main] org.flywaydb.core.FlywayExecutor         : Database: jdbc:postgresql://localhost:32785/lamastudio_test (PostgreSQL 15.17)
2026-03-12T03:02:33.459+01:00  INFO 360283 --- [lamastudio-backend] [           main] o.f.c.i.s.JdbcTableSchemaHistory         : Schema history table "public"."flyway_schema_history" does not exist yet
2026-03-12T03:02:33.460+01:00  INFO 360283 --- [lamastudio-backend] [           main] o.f.core.internal.command.DbValidate     : Successfully validated 2 migrations (execution time 00:00.007s)
2026-03-12T03:02:33.468+01:00  INFO 360283 --- [lamastudio-backend] [           main] o.f.c.i.s.JdbcTableSchemaHistory         : Creating Schema History table "public"."flyway_schema_history" ...
2026-03-12T03:02:33.518+01:00  INFO 360283 --- [lamastudio-backend] [           main] o.f.core.internal.command.DbMigrate      : Current version of schema "public": << Empty Schema >>
2026-03-12T03:02:33.529+01:00  INFO 360283 --- [lamastudio-backend] [           main] o.f.core.internal.command.DbMigrate      : Migrating schema "public" to version "1 - initial schema"
2026-03-12T03:02:33.575+01:00  INFO 360283 --- [lamastudio-backend] [           main] o.f.core.internal.command.DbMigrate      : Migrating schema "public" to version "2 - seed roles"
2026-03-12T03:02:33.583+01:00  INFO 360283 --- [lamastudio-backend] [           main] o.f.core.internal.command.DbMigrate      : Successfully applied 2 migrations to schema "public", now at version v2 (execution time 00:00.042s)
2026-03-12T03:02:33.622+01:00  INFO 360283 --- [lamastudio-backend] [           main] o.hibernate.jpa.internal.util.LogHelper  : HHH000204: Processing PersistenceUnitInfo [name: default]
2026-03-12T03:02:33.626+01:00  INFO 360283 --- [lamastudio-backend] [           main] o.h.c.internal.RegionFactoryInitiator    : HHH000026: Second-level cache disabled
2026-03-12T03:02:33.635+01:00  INFO 360283 --- [lamastudio-backend] [           main] o.s.o.j.p.SpringPersistenceUnitInfo      : No LoadTimeWeaver setup: ignoring JPA class transformer
2026-03-12T03:02:33.639+01:00  WARN 360283 --- [lamastudio-backend] [           main] org.hibernate.orm.deprecation            : HHH90000025: PostgreSQLDialect does not need to be specified explicitly using 'hibernate.dialect' (remove the property setting and it will be selected by default)
2026-03-12T03:02:33.834+01:00  INFO 360283 --- [lamastudio-backend] [           main] o.h.e.t.j.p.i.JtaPlatformInitiator       : HHH000489: No JTA platform available (set 'hibernate.transaction.jta.platform' to enable JTA platform integration)
2026-03-12T03:02:33.879+01:00  INFO 360283 --- [lamastudio-backend] [           main] j.LocalContainerEntityManagerFactoryBean : Initialized JPA EntityManagerFactory for persistence unit 'default'
2026-03-12T03:02:34.026+01:00 DEBUG 360283 --- [lamastudio-backend] [           main] c.l.b.auth.jwt.JwtAuthenticationFilter   : Filter 'jwtAuthenticationFilter' configured for use
2026-03-12T03:02:34.226+01:00  INFO 360283 --- [lamastudio-backend] [           main] eAuthenticationProviderManagerConfigurer : Global AuthenticationManager configured with AuthenticationProvider bean with name authenticationProvider
2026-03-12T03:02:34.227+01:00  WARN 360283 --- [lamastudio-backend] [           main] r$InitializeUserDetailsManagerConfigurer : Global AuthenticationManager configured with an AuthenticationProvider bean. UserDetailsService beans will not be used for username/password login. Consider removing the AuthenticationProvider bean. Alternatively, consider using the UserDetailsService in a manually instantiated DaoAuthenticationProvider.
2026-03-12T03:02:34.515+01:00  WARN 360283 --- [lamastudio-backend] [           main] JpaBaseConfiguration$JpaWebConfiguration : spring.jpa.open-in-view is enabled by default. Therefore, database queries may be performed during view rendering. Explicitly configure spring.jpa.open-in-view to disable this warning
2026-03-12T03:02:35.370+01:00 DEBUG 360283 --- [lamastudio-backend] [           main] c.l.b.auth.jwt.JwtAuthenticationFilter   : Filter 'jwtAuthenticationFilter' configured for use
2026-03-12T03:02:35.373+01:00  INFO 360283 --- [lamastudio-backend] [           main] o.a.c.c.C.[.[localhost].[/api/v1]        : Initializing Spring TestDispatcherServlet ''
2026-03-12T03:02:35.374+01:00  INFO 360283 --- [lamastudio-backend] [           main] o.s.t.web.servlet.TestDispatcherServlet  : Initializing Servlet ''
2026-03-12T03:02:35.376+01:00  INFO 360283 --- [lamastudio-backend] [           main] o.s.t.web.servlet.TestDispatcherServlet  : Completed initialization in 2 ms
2026-03-12T03:02:35.417+01:00  INFO 360283 --- [lamastudio-backend] [           main] o.s.b.w.embedded.tomcat.TomcatWebServer  : Tomcat started on port 38497 (http) with context path '/api/v1'
2026-03-12T03:02:35.428+01:00  INFO 360283 --- [lamastudio-backend] [           main] c.l.b.integration.AuthIntegrationTest    : Started AuthIntegrationTest in 4.046 seconds (process running for 16.642)
2026-03-12T03:02:36.149+01:00 DEBUG 360283 --- [lamastudio-backend] [        email-1] c.l.backend.auth.service.EmailService    : Verification email sent to: integration+login@example.com
2026-03-12T03:02:36.217+01:00  INFO 360283 --- [lamastudio-backend] [           main] c.l.backend.auth.service.AuthService     : New user registered: integration+login@example.com
2026-03-12T03:02:36.312+01:00  INFO 360283 --- [lamastudio-backend] [           main] c.l.backend.auth.service.AuthService     : Checking user: user=com.lamastudio.backend.user.entity.User@75bd2c82
2026-03-12T03:02:37.104+01:00  INFO 360283 --- [lamastudio-backend] [           main] c.l.backend.auth.service.AuthService     : User logged in: integration+login@example.com
]]></system-out>
  </testcase>
  <testcase name="protectedEndpointFlow" classname="com.lamastudio.backend.integration.AuthIntegrationTest" time="0.793">
    <system-out><![CDATA[2026-03-12T03:02:37.484+01:00 DEBUG 360283 --- [lamastudio-backend] [        email-2] c.l.backend.auth.service.EmailService    : Verification email sent to: integration+protected@example.com
2026-03-12T03:02:37.485+01:00  INFO 360283 --- [lamastudio-backend] [           main] c.l.backend.auth.service.AuthService     : New user registered: integration+protected@example.com
2026-03-12T03:02:37.498+01:00  INFO 360283 --- [lamastudio-backend] [           main] c.l.backend.auth.service.AuthService     : Checking user: user=com.lamastudio.backend.user.entity.User@164500f9
2026-03-12T03:02:37.859+01:00  INFO 360283 --- [lamastudio-backend] [           main] c.l.backend.auth.service.AuthService     : User logged in: integration+protected@example.com
2026-03-12T03:02:37.865+01:00 DEBUG 360283 --- [lamastudio-backend] [           main] c.l.b.a.jwt.JwtAuthenticationEntryPoint  : Unauthorized access attempt to : Full authentication is required to access this resource
]]></system-out>
  </testcase>
  <testcase name="registrationFlow" classname="com.lamastudio.backend.integration.AuthIntegrationTest" time="0.414">
    <system-out><![CDATA[2026-03-12T03:02:38.272+01:00 DEBUG 360283 --- [lamastudio-backend] [        email-1] c.l.backend.auth.service.EmailService    : Verification email sent to: integration+register@example.com
2026-03-12T03:02:38.273+01:00  INFO 360283 --- [lamastudio-backend] [           main] c.l.backend.auth.service.AuthService     : New user registered: integration+register@example.com
]]></system-out>
  </testcase>
</testsuite>