<?xml version="1.0" encoding="UTF-8"?>
<testsuite xmlns:xsi="http://www.w3.org/2001/XMLSchema-instance" xsi:noNamespaceSchemaLocation="https://maven.apache.org/surefire/maven-surefire-plugin/xsd/surefire-test-report-3.0.xsd" version="3.0" name="com.lamastudio.backend.repository.RoleRepositoryTest" time="7.809" tests="1" errors="0" skipped="0" failures="0">
  <properties>
[...]
</properties>
  <testcase name="findByName" classname="com.lamastudio.backend.repository.RoleRepositoryTest" time="0.63">
    <system-out><![CDATA[03:02:19.589 [main] INFO org.springframework.test.context.support.AnnotationConfigContextLoaderUtils -- Could not detect default configuration classes for test class [com.lamastudio.backend.repository.RoleRepositoryTest]: RoleRepositoryTest does not declare any static, non-private, non-final, nested classes annotated with @Configuration.
03:02:19.710 [main] INFO org.springframework.boot.test.context.SpringBootTestContextBootstrapper -- Found @SpringBootConfiguration com.lamastudio.backend.LamaStudioApplication for test class com.lamastudio.backend.repository.RoleRepositoryTest
03:02:19.756 [main] INFO org.testcontainers.images.PullPolicy -- Image pull policy will be performed by: DefaultPullPolicy()
03:02:19.758 [main] INFO org.testcontainers.utility.ImageNameSubstitutor -- Image name substitution will be performed by: DefaultImageNameSubstitutor (composite of 'ConfigurationFileImageNameSubstitutor' and 'PrefixingImageNameSubstitutor')
03:02:20.004 [main] INFO org.testcontainers.dockerclient.DockerClientProviderStrategy -- Loaded org.testcontainers.dockerclient.UnixSocketClientProviderStrategy from ~/.testcontainers.properties, will try it first
03:02:20.257 [main] INFO org.testcontainers.dockerclient.DockerClientProviderStrategy -- Found Docker environment with local Unix socket (unix:///var/run/docker.sock)
03:02:20.258 [main] INFO org.testcontainers.DockerClientFactory -- Docker host IP address is localhost
03:02:20.278 [main] INFO org.testcontainers.DockerClientFactory -- Connected to docker: 
  Server Version: 28.5.1
  API Version: 1.51
  Operating System: Ubuntu 24.04.3 LTS
  Total Memory: 15719 MB
03:02:20.304 [main] INFO tc.testcontainers/ryuk:0.7.0 -- Creating container for image: testcontainers/ryuk:0.7.0
03:02:20.339 [main] INFO org.testcontainers.utility.RegistryAuthLocator -- Credential helper/store (docker-credential-desktop) does not have credentials for https://index.docker.io/v1/
03:02:20.500 [main] INFO tc.testcontainers/ryuk:0.7.0 -- Container testcontainers/ryuk:0.7.0 is starting: 22ca0074c8a90d3a6ee865a6b7a68810e14f5b29da2b000f442afc47a281d99a
03:02:20.804 [main] INFO tc.testcontainers/ryuk:0.7.0 -- Container testcontainers/ryuk:0.7.0 started in PT0.499769759S
03:02:20.813 [main] INFO org.testcontainers.utility.RyukResourceReaper -- Ryuk started - will monitor and terminate Testcontainers containers on JVM exit
03:02:20.814 [main] INFO org.testcontainers.DockerClientFactory -- Checking the system...
03:02:20.814 [main] INFO org.testcontainers.DockerClientFactory -- ✔︎ Docker server version should be at least 1.6.0
03:02:20.816 [main] INFO tc.postgres:15-alpine -- Creating container for image: postgres:15-alpine
03:02:20.842 [main] INFO tc.postgres:15-alpine -- Container postgres:15-alpine is starting: dbab780df93cdd301b2cfddc9461e4e39e6a01c82e1596b56b529c7793bfb693
03:02:22.322 [main] INFO tc.postgres:15-alpine -- Container postgres:15-alpine started in PT1.506521189S
03:02:22.323 [main] INFO tc.postgres:15-alpine -- Container is started (JDBC URL: jdbc:postgresql://localhost:32783/lamastudio_role_test?loggerLevel=OFF)
03:02:22.399 [main] INFO org.springframework.boot.devtools.restart.RestartApplicationListener -- Restart disabled due to context in which it is running

  .   ____          _            __ _ _
 /\\ / ___'_ __ _ _(_)_ __  __ _ \ \ \ \
( ( )\___ | '_ | '_| | '_ \/ _` | \ \ \ \
 \\/  ___)| |_)| | | | | || (_| |  ) ) ) )
  '  |____| .__|_| |_|_| |_\__, | / / / /
 =========|_|==============|___/=/_/_/_/

 :: Spring Boot ::                (v3.3.5)

2026-03-12T03:02:22.769+01:00  INFO 360283 --- [lamastudio-backend] [           main] c.l.b.repository.RoleRepositoryTest      : Starting RoleRepositoryTest using Java 21.0.10 with PID 360283 (started by ultimate in /home/ultimate/Desktop/Accessivo.io/lamastudio)
2026-03-12T03:02:22.771+01:00 DEBUG 360283 --- [lamastudio-backend] [           main] c.l.b.repository.RoleRepositoryTest      : Running with Spring Boot v3.3.5, Spring v6.1.14
2026-03-12T03:02:22.771+01:00  INFO 360283 --- [lamastudio-backend] [           main] c.l.b.repository.RoleRepositoryTest      : The following 1 profile is active: "test"
2026-03-12T03:02:23.206+01:00  INFO 360283 --- [lamastudio-backend] [           main] .s.d.r.c.RepositoryConfigurationDelegate : Bootstrapping Spring Data JPA repositories in DEFAULT mode.
2026-03-12T03:02:23.274+01:00  INFO 360283 --- [lamastudio-backend] [           main] .s.d.r.c.RepositoryConfigurationDelegate : Finished Spring Data repository scanning in 63 ms. Found 2 JPA repository interfaces.
2026-03-12T03:02:23.727+01:00  INFO 360283 --- [lamastudio-backend] [           main] com.zaxxer.hikari.HikariDataSource       : HikariPool-1 - Starting...
2026-03-12T03:02:23.892+01:00  INFO 360283 --- [lamastudio-backend] [           main] com.zaxxer.hikari.pool.HikariPool        : HikariPool-1 - Added connection org.postgresql.jdbc.PgConnection@4403bff8
2026-03-12T03:02:23.893+01:00  INFO 360283 --- [lamastudio-backend] [           main] com.zaxxer.hikari.HikariDataSource       : HikariPool-1 - Start completed.
2026-03-12T03:02:23.929+01:00  INFO 360283 --- [lamastudio-backend] [           main] org.flywaydb.core.FlywayExecutor         : Database: jdbc:postgresql://localhost:32783/lamastudio_role_test (PostgreSQL 15.17)
2026-03-12T03:02:23.965+01:00  INFO 360283 --- [lamastudio-backend] [           main] o.f.c.i.s.JdbcTableSchemaHistory         : Schema history table "public"."flyway_schema_history" does not exist yet
2026-03-12T03:02:23.969+01:00  INFO 360283 --- [lamastudio-backend] [           main] o.f.core.internal.command.DbValidate     : Successfully validated 2 migrations (execution time 00:00.016s)
2026-03-12T03:02:23.984+01:00  INFO 360283 --- [lamastudio-backend] [           main] o.f.c.i.s.JdbcTableSchemaHistory         : Creating Schema History table "public"."flyway_schema_history" ...
2026-03-12T03:02:24.028+01:00  INFO 360283 --- [lamastudio-backend] [           main] o.f.core.internal.command.DbMigrate      : Current version of schema "public": << Empty Schema >>
2026-03-12T03:02:24.044+01:00  INFO 360283 --- [lamastudio-backend] [           main] o.f.core.internal.command.DbMigrate      : Migrating schema "public" to version "1 - initial schema"
2026-03-12T03:02:24.097+01:00  INFO 360283 --- [lamastudio-backend] [           main] o.f.core.internal.command.DbMigrate      : Migrating schema "public" to version "2 - seed roles"
2026-03-12T03:02:24.111+01:00  INFO 360283 --- [lamastudio-backend] [           main] o.f.core.internal.command.DbMigrate      : Successfully applied 2 migrations to schema "public", now at version v2 (execution time 00:00.038s)
2026-03-12T03:02:24.196+01:00  INFO 360283 --- [lamastudio-backend] [           main] o.hibernate.jpa.internal.util.LogHelper  : HHH000204: Processing PersistenceUnitInfo [name: default]
2026-03-12T03:02:24.241+01:00  INFO 360283 --- [lamastudio-backend] [           main] org.hibernate.Version                    : HHH000412: Hibernate ORM core version 6.5.3.Final
2026-03-12T03:02:24.289+01:00  INFO 360283 --- [lamastudio-backend] [           main] o.h.c.internal.RegionFactoryInitiator    : HHH000026: Second-level cache disabled
2026-03-12T03:02:24.552+01:00  INFO 360283 --- [lamastudio-backend] [           main] o.s.o.j.p.SpringPersistenceUnitInfo      : No LoadTimeWeaver setup: ignoring JPA class transformer
2026-03-12T03:02:24.600+01:00  WARN 360283 --- [lamastudio-backend] [           main] org.hibernate.orm.deprecation            : HHH90000025: PostgreSQLDialect does not need to be specified explicitly using 'hibernate.dialect' (remove the property setting and it will be selected by default)
2026-03-12T03:02:25.535+01:00  INFO 360283 --- [lamastudio-backend] [           main] o.h.e.t.j.p.i.JtaPlatformInitiator       : HHH000489: No JTA platform available (set 'hibernate.transaction.jta.platform' to enable JTA platform integration)
2026-03-12T03:02:25.570+01:00  INFO 360283 --- [lamastudio-backend] [           main] j.LocalContainerEntityManagerFactoryBean : Initialized JPA EntityManagerFactory for persistence unit 'default'
2026-03-12T03:02:25.895+01:00  INFO 360283 --- [lamastudio-backend] [           main] o.s.d.j.r.query.QueryEnhancerFactory     : Hibernate is in classpath; If applicable, HQL parser will be used.
2026-03-12T03:02:26.321+01:00  INFO 360283 --- [lamastudio-backend] [           main] c.l.b.repository.RoleRepositoryTest      : Started RoleRepositoryTest in 3.932 seconds (process running for 7.536)
Hibernate: 
    select
        r1_0.id,
        r1_0.name 
    from
        roles r1_0 
    where
        r1_0.name=?
Hibernate: 
    select
        r1_0.id,
        r1_0.name 
    from
        roles r1_0 
    where
        r1_0.name=?
]]></system-out>
    <system-err><![CDATA[WARNING: A Java agent has been loaded dynamically (/home/ultimate/.m2/repository/net/bytebuddy/byte-buddy-agent/1.14.19/byte-buddy-agent-1.14.19.jar)
WARNING: If a serviceability tool is in use, please run with -XX:+EnableDynamicAgentLoading to hide this warning
WARNING: If a serviceability tool is not in use, please run with -Djdk.instrument.traceUsage for more information
WARNING: Dynamic loading of agents will be disallowed by default in a future release
]]></system-err>
  </testcase>
</testsuite>